0 info it worked if it ends with ok
1 verbose cli [ '/home/luc/.node/bin/node',
1 verbose cli   '/home/luc/.node/bin/npm',
1 verbose cli   'publish' ]
2 info using npm@2.14.12
3 info using node@v4.3.1
4 verbose publish [ '.' ]
5 silly cache add args [ '.', null ]
6 verbose cache add spec .
7 silly cache add parsed spec Result {
7 silly cache add   raw: '.',
7 silly cache add   scope: null,
7 silly cache add   name: null,
7 silly cache add   rawSpec: '.',
7 silly cache add   spec: '/home/luc/401d2/week2/homework/http-framework/HTTP-Framework',
7 silly cache add   type: 'directory' }
8 verbose addLocalDirectory /home/luc/.npm/Luc-basic-routing/1.1.0/package.tgz not in flight; packing
9 verbose tar pack [ '/home/luc/.npm/Luc-basic-routing/1.1.0/package.tgz',
9 verbose tar pack   '/home/luc/401d2/week2/homework/http-framework/HTTP-Framework' ]
10 verbose tarball /home/luc/.npm/Luc-basic-routing/1.1.0/package.tgz
11 verbose folder /home/luc/401d2/week2/homework/http-framework/HTTP-Framework
12 info prepublish Luc-basic-routing@1.1.0
13 verbose addLocalTarball adding from inside cache /home/luc/.npm/Luc-basic-routing/1.1.0/package.tgz
14 silly cache afterAdd Luc-basic-routing@1.1.0
15 verbose afterAdd /home/luc/.npm/Luc-basic-routing/1.1.0/package/package.json not in flight; writing
16 verbose afterAdd /home/luc/.npm/Luc-basic-routing/1.1.0/package/package.json written
17 silly publish { name: 'Luc-basic-routing',
17 silly publish   version: '1.1.0',
17 silly publish   description: 'simple restful routing for a product server',
17 silly publish   scripts:
17 silly publish    { test: 'echo "Error: no test specified" && exit 1',
17 silly publish      start: 'node server.js' },
17 silly publish   repository:
17 silly publish    { type: 'git',
17 silly publish      url: 'git+https://github.com/Ho-Luc/HTTP-Framework.git' },
17 silly publish   author: { name: 'Luc Ho' },
17 silly publish   license: 'ISC',
17 silly publish   homepage: 'https://github.com/Ho-Luc/HTTP-Framework#readme',
17 silly publish   devDependencies:
17 silly publish    { chai: '^3.5.0',
17 silly publish      'chai-http': '^2.0.1',
17 silly publish      gulp: '^3.9.1',
17 silly publish      'gulp-eslint': '^2.0.0',
17 silly publish      'gulp-mocha': '^2.2.0',
17 silly publish      mocha: '^2.4.5' },
17 silly publish   readme: '# HTTP-Framework\n\nTo install npm package: npm i Luc-basic-routing\n\n### Summary\nThis simple HTTP framework will handle routing for all REST methods. This package will do basic routing for on a http server.\n\n### Setup\nTo initialize the server and the necessary modules, first create a JS file in the root and put in:\n\n```javascript\n\'use strict\'\nvar customModule = require(__dirname + \'/../server\');\nvar router = customModule();\nvar fs = require(\'fs\');\n```\n\nYou can name var router anything you want, but you have to keep the naming convention consistent. In my example I\'ll make a route to /projects. To make a POST request you would:\n\n```javascript\nrouter.post(\'/projects\', (req, res) => {\n  req.on(\'data\', (data) => {\n    //run code here\n    res.end();\n  })\n})\n```\n\nSimilarly if you wanted to make GET requests, you would do:\n\n```javascript\nrouter.get(\'/projects\', (req, res) => {\n  req.on(\'data\', (data) => {\n    //run code here\n    res.end();\n  })\n})\n```\n\nOnce you have all your methods set up you need to get your server started. You need to insert a few lines of code in whereever you require in the server module file to invoke the server function. for example:\n```javascript\nfunction() {\n  router.listen(3000, () => {\n    console.log(\'server started\');\n  })\n}\n```\n\nLastly these routes to a data directory that isn\'t included with the package. Make sure to make a directory in the root named \'data\'. More sample requests are also listed in the test directory for more reference material.\n',
17 silly publish   readmeFilename: 'README.md',
17 silly publish   gitHead: '0cc6128ee8f7e292d5e788aa98eb77feaec8fa08',
17 silly publish   bugs: { url: 'https://github.com/Ho-Luc/HTTP-Framework/issues' },
17 silly publish   _id: 'Luc-basic-routing@1.1.0',
17 silly publish   _shasum: '8c90893f9ff4b6cb92fea012373cc08408dbfd71',
17 silly publish   _from: '.' }
18 verbose getPublishConfig undefined
19 silly mapToRegistry name Luc-basic-routing
20 silly mapToRegistry using default registry
21 silly mapToRegistry registry https://registry.npmjs.org/
22 silly mapToRegistry uri https://registry.npmjs.org/Luc-basic-routing
23 verbose publish registryBase https://registry.npmjs.org/
24 silly publish uploading /home/luc/.npm/Luc-basic-routing/1.1.0/package.tgz
25 verbose request uri https://registry.npmjs.org/Luc-basic-routing
26 verbose request sending authorization for write operation
27 info attempt registry request try #1 at 13:06:52
28 verbose request using bearer token for auth
29 verbose request id c71126efd9ea5f66
30 http request PUT https://registry.npmjs.org/Luc-basic-routing
31 http 400 https://registry.npmjs.org/Luc-basic-routing
32 verbose headers { 'content-type': 'application/json',
32 verbose headers   'cache-control': 'max-age=300',
32 verbose headers   'content-length': '54',
32 verbose headers   'accept-ranges': 'bytes',
32 verbose headers   date: 'Mon, 14 Mar 2016 20:06:52 GMT',
32 verbose headers   via: '1.1 varnish',
32 verbose headers   connection: 'keep-alive',
32 verbose headers   'x-served-by': 'cache-sjc3125-SJC',
32 verbose headers   'x-cache': 'MISS',
32 verbose headers   'x-cache-hits': '0',
32 verbose headers   'x-timer': 'S1457986012.535995,VS0,VE164' }
33 verbose request invalidating /home/luc/.npm/registry.npmjs.org/Luc-basic-routing on PUT
34 error publish Failed PUT 400
35 verbose stack Error: name can no longer contain capital letters : Luc-basic-routing
35 verbose stack     at makeError (/home/luc/.node/lib/node_modules/npm/node_modules/npm-registry-client/lib/request.js:264:12)
35 verbose stack     at CachingRegistryClient.<anonymous> (/home/luc/.node/lib/node_modules/npm/node_modules/npm-registry-client/lib/request.js:252:14)
35 verbose stack     at Request._callback (/home/luc/.node/lib/node_modules/npm/node_modules/npm-registry-client/lib/request.js:172:14)
35 verbose stack     at Request.self.callback (/home/luc/.node/lib/node_modules/npm/node_modules/request/request.js:198:22)
35 verbose stack     at emitTwo (events.js:87:13)
35 verbose stack     at Request.emit (events.js:172:7)
35 verbose stack     at Request.<anonymous> (/home/luc/.node/lib/node_modules/npm/node_modules/request/request.js:1082:10)
35 verbose stack     at emitOne (events.js:82:20)
35 verbose stack     at Request.emit (events.js:169:7)
35 verbose stack     at IncomingMessage.<anonymous> (/home/luc/.node/lib/node_modules/npm/node_modules/request/request.js:1009:12)
36 verbose statusCode 400
37 verbose pkgid Luc-basic-routing
38 verbose cwd /home/luc/401d2/week2/homework/http-framework/HTTP-Framework
39 error Linux 3.19.0-47-generic
40 error argv "/home/luc/.node/bin/node" "/home/luc/.node/bin/npm" "publish"
41 error node v4.3.1
42 error npm  v2.14.12
43 error code E400
44 error name can no longer contain capital letters : Luc-basic-routing
45 error If you need help, you may report this error at:
45 error     <https://github.com/npm/npm/issues>
46 verbose exit [ 1, true ]
